\BOOKMARK [0][-]{chapter.1}{Introduction}{}% 1
\BOOKMARK [0][-]{appendix.A}{Mathematical tools for finance}{}% 2
\BOOKMARK [1][-]{section.A.1}{Probability}{appendix.A}% 3
\BOOKMARK [2][-]{subsection.A.1.1}{Set theory}{section.A.1}% 4
\BOOKMARK [2][-]{subsection.A.1.2}{Permutation and Combination}{section.A.1}% 5
\BOOKMARK [2][-]{subsection.A.1.3}{Probability}{section.A.1}% 6
\BOOKMARK [2][-]{subsection.A.1.4}{Random variables}{section.A.1}% 7
\BOOKMARK [2][-]{subsection.A.1.5}{Discrete random variables}{section.A.1}% 8
\BOOKMARK [2][-]{subsection.A.1.6}{Continuous random variables}{section.A.1}% 9
\BOOKMARK [2][-]{subsection.A.1.7}{Relationship between random variables}{section.A.1}% 10
\BOOKMARK [2][-]{subsection.A.1.8}{Miscellaneous}{section.A.1}% 11
\BOOKMARK [1][-]{section.A.2}{Stochastic processes}{appendix.A}% 12
\BOOKMARK [2][-]{subsection.A.2.1}{Basic}{section.A.2}% 13
\BOOKMARK [2][-]{subsection.A.2.2}{Bernoulli stochastic process}{section.A.2}% 14
\BOOKMARK [2][-]{subsection.A.2.3}{Poisson stochastic process}{section.A.2}% 15
\BOOKMARK [2][-]{subsection.A.2.4}{Discrete-time Markov chains}{section.A.2}% 16
\BOOKMARK [2][-]{subsection.A.2.5}{Continuous-time Markov chains}{section.A.2}% 17
\BOOKMARK [1][-]{section.A.3}{Statistics}{appendix.A}% 18
\BOOKMARK [1][-]{section.A.4}{General numerical methods}{appendix.A}% 19
\BOOKMARK [2][-]{subsection.A.4.1}{Polynomial approximation}{section.A.4}% 20
\BOOKMARK [2][-]{subsection.A.4.2}{Polynomial interpolation}{section.A.4}% 21
\BOOKMARK [2][-]{subsection.A.4.3}{Numerical integration}{section.A.4}% 22
\BOOKMARK [2][-]{subsection.A.4.4}{Numerical differentiation}{section.A.4}% 23
\BOOKMARK [2][-]{subsection.A.4.5}{Root finding}{section.A.4}% 24
\BOOKMARK [1][-]{section.A.5}{Finite difference method}{appendix.A}% 25
\BOOKMARK [2][-]{subsection.A.5.1}{Introduction}{section.A.5}% 26
\BOOKMARK [2][-]{subsection.A.5.2}{Explicit}{section.A.5}% 27
\BOOKMARK [2][-]{subsection.A.5.3}{Implicit}{section.A.5}% 28
\BOOKMARK [2][-]{subsection.A.5.4}{Crank-Nicolson}{section.A.5}% 29
\BOOKMARK [1][-]{section.A.6}{Optimization}{appendix.A}% 30
\BOOKMARK [2][-]{subsection.A.6.1}{Unconstrained optimization}{section.A.6}% 31
\BOOKMARK [2][-]{subsection.A.6.2}{Constrained optimization}{section.A.6}% 32
